[2015-06-26 22:13:38] myapp.INFO: Matched route "POST_messages". {"route_parameters":{"_controller":"MTP\\Controllers\\MessageController::post","_route":"POST_messages"},"request_uri":"http://localhost:9080/mtp/messages"} []
[2015-06-26 22:13:38] myapp.INFO: > POST /mtp/messages [] []
[2015-06-26 22:13:38] myapp.INFO: < 200 [] []
[2015-06-26 22:13:38] myapp.DEBUG: Processing message {"userId": "3", "currencyFrom": "EUR", "currencyTo": "GBP", "amountSell": 1000, "amountBuy": 747.10, "rate": 0.7471, "timePlaced" : "24-JAN-15 10:27:44", "originatingCountry" : "FR"} [] []
[2015-06-26 22:14:12] myapp.INFO: Matched route "POST_messages". {"route_parameters":{"_controller":"MTP\\Controllers\\MessageController::post","_route":"POST_messages"},"request_uri":"http://localhost:9080/mtp/messages"} []
[2015-06-26 22:14:12] myapp.INFO: > POST /mtp/messages [] []
[2015-06-26 22:14:12] myapp.INFO: < 200 [] []
[2015-06-26 22:14:12] myapp.DEBUG: Processing message {"userId": "3", "currencyFrom": "EUR", "currencyTo": "GBP", "amountSell": 1000, "amountBuy": 747.10, "rate": 0.7471, "timePlaced" : "24-JAN-15 10:27:44", "originatingCountry" : "FR"} [] []
[2015-06-26 22:14:12] myapp.WARNING: Some errors in the message: User id has to be numeric.; Currency from has to be a 3 capital letters string.; Currency to has to be a 3 capital letters string.; Amount sell has to be a positive number.; Amount buy has to be a positive number.; Amount buy has to be a positive.; Time place has to be a valid date.; Originating country has to be a 2 capital letters string. [] []
[2015-06-26 22:15:24] myapp.INFO: Matched route "POST_messages". {"route_parameters":{"_controller":"MTP\\Controllers\\MessageController::post","_route":"POST_messages"},"request_uri":"http://localhost:9080/mtp/messages"} []
[2015-06-26 22:15:24] myapp.INFO: > POST /mtp/messages [] []
[2015-06-26 22:15:25] myapp.INFO: < 200 [] []
[2015-06-26 22:15:25] myapp.DEBUG: Processing message {"userId": "3", "currencyFrom": "EUR", "currencyTo": "GBP", "amountSell": 1000, "amountBuy": 747.10, "rate": 0.7471, "timePlaced" : "24-JAN-15 10:27:44", "originatingCountry" : "FR"} [] []
[2015-06-26 22:15:25] myapp.WARNING: Some errors in the message: User id has to be numeric.; Currency from has to be a 3 capital letters string.; Currency to has to be a 3 capital letters string.; Amount sell has to be a positive number.; Amount buy has to be a positive number.; Amount buy has to be a positive.; Time place has to be a valid date.; Originating country has to be a 2 capital letters string. [] []
[2015-06-26 22:15:58] myapp.INFO: Matched route "POST_messages". {"route_parameters":{"_controller":"MTP\\Controllers\\MessageController::post","_route":"POST_messages"},"request_uri":"http://localhost:9080/mtp/messages"} []
[2015-06-26 22:15:58] myapp.INFO: > POST /mtp/messages [] []
[2015-06-26 22:15:58] myapp.INFO: < 200 [] []
[2015-06-26 22:15:58] myapp.DEBUG: Processing message {"userId": "3", "currencyFrom": "EUR", "currencyTo": "GBP", "amountSell": 1000, "amountBuy": 747.10, "rate": 0.7471, "timePlaced" : "24-JAN-15 10:27:44", "originatingCountry" : "FR"} [] []
[2015-06-26 22:15:58] myapp.WARNING: Error saving message into db: Unknown column 'user_id' in 'field list' [] []
[2015-06-26 22:16:50] myapp.INFO: Matched route "POST_messages". {"route_parameters":{"_controller":"MTP\\Controllers\\MessageController::post","_route":"POST_messages"},"request_uri":"http://localhost:9080/mtp/messages"} []
[2015-06-26 22:16:50] myapp.INFO: > POST /mtp/messages [] []
[2015-06-26 22:16:50] myapp.INFO: < 200 [] []
[2015-06-26 22:16:50] myapp.DEBUG: Processing message {"userId": "3", "currencyFrom": "EUR", "currencyTo": "GBP", "amountSell": 1000, "amountBuy": 747.10, "rate": 0.7471, "timePlaced" : "24-JAN-15 10:27:44", "originatingCountry" : "FR"} [] []
[2015-06-26 22:17:50] myapp.INFO: Matched route "POST_messages". {"route_parameters":{"_controller":"MTP\\Controllers\\MessageController::post","_route":"POST_messages"},"request_uri":"http://localhost:9080/mtp/messages"} []
[2015-06-26 22:17:50] myapp.INFO: > POST /mtp/messages [] []
[2015-06-26 22:17:50] myapp.INFO: < 200 [] []
[2015-06-26 22:17:50] myapp.DEBUG: Processing message {"userId": "3", "currencyFrom": "EUR", "currencyTo": "GBP", "amountSell": 1000, "amountBuy": 747.10, "rate": 0.7471, "timePlaced" : "24-JAN-15 10:27:44", "originatingCountry" : "FR"} [] []
[2015-06-26 22:23:17] myapp.INFO: Matched route "POST_messages". {"route_parameters":{"_controller":"MTP\\Controllers\\MessageController::post","_route":"POST_messages"},"request_uri":"http://localhost:9080/mtp/messages"} []
[2015-06-26 22:23:17] myapp.INFO: > POST /mtp/messages [] []
[2015-06-26 22:23:17] myapp.INFO: < 200 [] []
[2015-06-26 22:23:44] myapp.DEBUG: Processing message {"userId": "3", "currencyFrom": "EUR", "currencyTo": "GBP", "amountSell": 1000, "amountBuy": 747.10, "rate": 0.7471, "timePlaced" : "24-JAN-15 10:27:44", "originatingCountry" : "FR"} [] []
[2015-06-26 22:23:46] myapp.INFO: Matched route "POST_messages". {"route_parameters":{"_controller":"MTP\\Controllers\\MessageController::post","_route":"POST_messages"},"request_uri":"http://localhost:9080/mtp/messages"} []
[2015-06-26 22:23:46] myapp.INFO: > POST /mtp/messages [] []
[2015-06-26 22:23:46] myapp.INFO: < 200 [] []
[2015-06-26 22:23:46] myapp.DEBUG: Processing message {"userId": "3", "currencyFrom": "EUR", "currencyTo": "GBP", "amountSell": 1000, "amountBuy": 747.10, "rate": 0.7471, "timePlaced" : "24-JAN-15 10:27:44", "originatingCountry" : "FR"} [] []
[2015-06-26 22:27:34] myapp.INFO: Matched route "GET_messages". {"route_parameters":{"_controller":"MTP\\Controllers\\MessageController::get","_route":"GET_messages"},"request_uri":"http://localhost:9080/mtp/messages"} []
[2015-06-26 22:27:34] myapp.INFO: > GET /mtp/messages [] []
[2015-06-26 22:27:34] myapp.CRITICAL: Exception: Message is not a valid json. (uncaught exception) at /var/www/html/mtp/src/Message.php line 22 {"exception":"[object] (Exception(code: 0): Message is not a valid json. at /var/www/html/mtp/src/Message.php:22)"} []
[2015-06-26 22:27:34] myapp.INFO: < 500 [] []
[2015-06-26 22:29:05] myapp.INFO: Matched route "GET_messages". {"route_parameters":{"_controller":"MTP\\Controllers\\MessageController::get","_route":"GET_messages"},"request_uri":"http://localhost:9080/mtp/messages"} []
[2015-06-26 22:29:05] myapp.INFO: > GET /mtp/messages [] []
[2015-06-26 22:34:28] myapp.INFO: Matched route "GET_messages". {"route_parameters":{"_controller":"MTP\\Controllers\\MessageController::get","_route":"GET_messages"},"request_uri":"http://localhost:9080/mtp/messages"} []
[2015-06-26 22:34:28] myapp.INFO: > GET /mtp/messages [] []
[2015-06-26 22:44:00] myapp.ERROR: Symfony\Component\HttpKernel\Exception\NotFoundHttpException: No route found for "POST /messages" (uncaught exception) at /var/www/html/mtp/vendor/symfony/http-kernel/EventListener/RouterListener.php line 159 {"exception":"[object] (Symfony\\Component\\HttpKernel\\Exception\\NotFoundHttpException(code: 0): No route found for \"POST /messages\" at /var/www/html/mtp/vendor/symfony/http-kernel/EventListener/RouterListener.php:159, Symfony\\Component\\Routing\\Exception\\ResourceNotFoundException(code: 0): No routes found for \"/messages\". at /var/www/html/mtp/vendor/symfony/routing/Matcher/UrlMatcher.php:102)"} []
[2015-06-26 22:44:00] myapp.INFO: < 404 [] []
[2015-06-26 22:44:10] myapp.INFO: Matched route "POST_transactions". {"route_parameters":{"_controller":"MTP\\Controllers\\TransactionController::post","_route":"POST_transactions"},"request_uri":"http://localhost:9080/mtp/transactions"} []
[2015-06-26 22:44:10] myapp.INFO: > POST /mtp/transactions [] []
[2015-06-26 22:44:10] myapp.INFO: < 200 [] []
[2015-06-26 22:44:10] myapp.DEBUG: Processing message {"userId": "3", "currencyFrom": "EUR", "currencyTo": "GBP", "amountSell": 1000, "amountBuy": 747.10, "rate": 0.7471, "timePlaced" : "24-JAN-15 10:27:44", "originatingCountry" : "FR"} [] []
[2015-06-26 22:44:10] myapp.WARNING: Error saving transaction into db:  [] []
[2015-06-26 22:44:41] myapp.INFO: Matched route "POST_transactions". {"route_parameters":{"_controller":"MTP\\Controllers\\TransactionController::post","_route":"POST_transactions"},"request_uri":"http://localhost:9080/mtp/transactions"} []
[2015-06-26 22:44:41] myapp.INFO: > POST /mtp/transactions [] []
[2015-06-26 22:44:41] myapp.INFO: < 200 [] []
[2015-06-26 22:44:41] myapp.DEBUG: Processing message {"userId": "3", "currencyFrom": "EUR", "currencyTo": "GBP", "amountSell": 1000, "amountBuy": 747.10, "rate": 0.7471, "timePlaced" : "24-JAN-15 10:27:44", "originatingCountry" : "FR"} [] []
[2015-06-26 22:45:06] myapp.INFO: Matched route "GET_transactions". {"route_parameters":{"_controller":"MTP\\Controllers\\TransactionController::get","_route":"GET_transactions"},"request_uri":"http://localhost:9080/mtp/transactions"} []
[2015-06-26 22:45:06] myapp.INFO: > GET /mtp/transactions [] []
[2015-06-26 22:45:10] myapp.INFO: Matched route "POST_transactions". {"route_parameters":{"_controller":"MTP\\Controllers\\TransactionController::post","_route":"POST_transactions"},"request_uri":"http://localhost:9080/mtp/transactions"} []
[2015-06-26 22:45:10] myapp.INFO: > POST /mtp/transactions [] []
[2015-06-26 22:45:10] myapp.INFO: < 200 [] []
[2015-06-26 22:45:10] myapp.DEBUG: Processing message {"userId": "3", "currencyFrom": "EUR", "currencyTo": "GBP", "amountSell": 1000, "amountBuy": 747.10, "rate": 0.7471, "timePlaced" : "24-JAN-15 10:27:44", "originatingCountry" : "FR"} [] []
[2015-06-26 22:45:10] myapp.INFO: Matched route "POST_transactions". {"route_parameters":{"_controller":"MTP\\Controllers\\TransactionController::post","_route":"POST_transactions"},"request_uri":"http://localhost:9080/mtp/transactions"} []
[2015-06-26 22:45:10] myapp.INFO: > POST /mtp/transactions [] []
[2015-06-26 22:45:10] myapp.INFO: < 200 [] []
[2015-06-26 22:45:10] myapp.DEBUG: Processing message {"userId": "3", "currencyFrom": "EUR", "currencyTo": "GBP", "amountSell": 1000, "amountBuy": 747.10, "rate": 0.7471, "timePlaced" : "24-JAN-15 10:27:44", "originatingCountry" : "FR"} [] []
[2015-06-26 22:45:10] myapp.INFO: Matched route "POST_transactions". {"route_parameters":{"_controller":"MTP\\Controllers\\TransactionController::post","_route":"POST_transactions"},"request_uri":"http://localhost:9080/mtp/transactions"} []
[2015-06-26 22:45:10] myapp.INFO: > POST /mtp/transactions [] []
[2015-06-26 22:45:10] myapp.INFO: < 200 [] []
[2015-06-26 22:45:10] myapp.DEBUG: Processing message {"userId": "3", "currencyFrom": "EUR", "currencyTo": "GBP", "amountSell": 1000, "amountBuy": 747.10, "rate": 0.7471, "timePlaced" : "24-JAN-15 10:27:44", "originatingCountry" : "FR"} [] []
[2015-06-26 22:45:11] myapp.INFO: Matched route "POST_transactions". {"route_parameters":{"_controller":"MTP\\Controllers\\TransactionController::post","_route":"POST_transactions"},"request_uri":"http://localhost:9080/mtp/transactions"} []
[2015-06-26 22:45:11] myapp.INFO: > POST /mtp/transactions [] []
[2015-06-26 22:45:11] myapp.INFO: < 200 [] []
[2015-06-26 22:45:11] myapp.DEBUG: Processing message {"userId": "3", "currencyFrom": "EUR", "currencyTo": "GBP", "amountSell": 1000, "amountBuy": 747.10, "rate": 0.7471, "timePlaced" : "24-JAN-15 10:27:44", "originatingCountry" : "FR"} [] []
[2015-06-26 22:45:11] myapp.INFO: Matched route "POST_transactions". {"route_parameters":{"_controller":"MTP\\Controllers\\TransactionController::post","_route":"POST_transactions"},"request_uri":"http://localhost:9080/mtp/transactions"} []
[2015-06-26 22:45:11] myapp.INFO: > POST /mtp/transactions [] []
[2015-06-26 22:45:11] myapp.INFO: < 200 [] []
[2015-06-26 22:45:11] myapp.DEBUG: Processing message {"userId": "3", "currencyFrom": "EUR", "currencyTo": "GBP", "amountSell": 1000, "amountBuy": 747.10, "rate": 0.7471, "timePlaced" : "24-JAN-15 10:27:44", "originatingCountry" : "FR"} [] []
[2015-06-26 22:45:12] myapp.INFO: Matched route "POST_transactions". {"route_parameters":{"_controller":"MTP\\Controllers\\TransactionController::post","_route":"POST_transactions"},"request_uri":"http://localhost:9080/mtp/transactions"} []
[2015-06-26 22:45:12] myapp.INFO: > POST /mtp/transactions [] []
[2015-06-26 22:45:12] myapp.INFO: < 200 [] []
[2015-06-26 22:45:12] myapp.DEBUG: Processing message {"userId": "3", "currencyFrom": "EUR", "currencyTo": "GBP", "amountSell": 1000, "amountBuy": 747.10, "rate": 0.7471, "timePlaced" : "24-JAN-15 10:27:44", "originatingCountry" : "FR"} [] []
[2015-06-26 22:45:13] myapp.INFO: Matched route "GET_transactions". {"route_parameters":{"_controller":"MTP\\Controllers\\TransactionController::get","_route":"GET_transactions"},"request_uri":"http://localhost:9080/mtp/transactions"} []
[2015-06-26 22:45:13] myapp.INFO: > GET /mtp/transactions [] []
[2015-06-26 22:50:13] myapp.INFO: Matched route "GET_transactions". {"route_parameters":{"_controller":"MTP\\Controllers\\TransactionController::get","_route":"GET_transactions"},"request_uri":"http://localhost:9080/mtp/transactions"} []
[2015-06-26 22:50:13] myapp.INFO: > GET /mtp/transactions [] []
[2015-06-26 22:52:01] myapp.INFO: Matched route "GET_transactions". {"route_parameters":{"_controller":"MTP\\Controllers\\TransactionController::get","_route":"GET_transactions"},"request_uri":"http://localhost:9080/mtp/transactions"} []
[2015-06-26 22:52:01] myapp.INFO: > GET /mtp/transactions [] []
[2015-06-26 22:52:02] myapp.CRITICAL: Twig_Error_Loader: Template "" is not defined (). (uncaught exception) at /var/www/html/mtp/vendor/twig/twig/lib/Twig/Loader/Chain.php line 115 {"exception":"[object] (Twig_Error_Loader(code: 0): Template \"\" is not defined (). at /var/www/html/mtp/vendor/twig/twig/lib/Twig/Loader/Chain.php:115)"} []
[2015-06-26 22:52:02] myapp.INFO: < 500 [] []
[2015-06-26 22:52:15] myapp.INFO: Matched route "GET_transactions". {"route_parameters":{"_controller":"MTP\\Controllers\\TransactionController::get","_route":"GET_transactions"},"request_uri":"http://localhost:9080/mtp/transactions"} []
[2015-06-26 22:52:15] myapp.INFO: > GET /mtp/transactions [] []
[2015-06-26 22:52:15] myapp.INFO: < 200 [] []
[2015-06-26 22:55:03] myapp.INFO: Matched route "GET_transactions". {"route_parameters":{"_controller":"MTP\\Controllers\\TransactionController::get","_route":"GET_transactions"},"request_uri":"http://localhost:9080/mtp/transactions"} []
[2015-06-26 22:55:03] myapp.INFO: > GET /mtp/transactions [] []
[2015-06-26 22:55:04] myapp.INFO: < 200 [] []
[2015-06-26 23:04:49] myapp.INFO: Matched route "GET_transactions". {"route_parameters":{"_controller":"MTP\\Controllers\\TransactionController::get","_route":"GET_transactions"},"request_uri":"http://localhost:9080/mtp/transactions"} []
[2015-06-26 23:04:49] myapp.INFO: > GET /mtp/transactions [] []
[2015-06-26 23:04:49] myapp.INFO: < 200 [] []
[2015-06-26 23:05:34] myapp.INFO: Matched route "GET_transactions". {"route_parameters":{"_controller":"MTP\\Controllers\\TransactionController::get","_route":"GET_transactions"},"request_uri":"http://localhost:9080/mtp/transactions"} []
[2015-06-26 23:05:35] myapp.INFO: > GET /mtp/transactions [] []
[2015-06-26 23:05:35] myapp.INFO: < 200 [] []
[2015-06-26 23:08:27] myapp.INFO: Matched route "GET_transactions". {"route_parameters":{"_controller":"MTP\\Controllers\\TransactionController::get","_route":"GET_transactions"},"request_uri":"http://localhost:9080/mtp/transactions"} []
[2015-06-26 23:08:27] myapp.INFO: > GET /mtp/transactions [] []
[2015-06-26 23:08:27] myapp.CRITICAL: Twig_Error_Loader: Template "messages.twig" is not defined (). (uncaught exception) at /var/www/html/mtp/vendor/twig/twig/lib/Twig/Loader/Chain.php line 115 {"exception":"[object] (Twig_Error_Loader(code: 0): Template \"messages.twig\" is not defined (). at /var/www/html/mtp/vendor/twig/twig/lib/Twig/Loader/Chain.php:115)"} []
[2015-06-26 23:08:27] myapp.INFO: < 500 [] []
[2015-06-26 23:08:49] myapp.INFO: Matched route "GET_transactions". {"route_parameters":{"_controller":"MTP\\Controllers\\TransactionController::get","_route":"GET_transactions"},"request_uri":"http://localhost:9080/mtp/transactions"} []
[2015-06-26 23:08:49] myapp.INFO: > GET /mtp/transactions [] []
[2015-06-26 23:08:49] myapp.INFO: < 200 [] []
[2015-06-26 23:09:15] myapp.INFO: Matched route "GET_". {"route_parameters":{"_controller":"MTP\\Controllers\\HomeController::get","_route":"GET_"},"request_uri":"http://localhost:9080/mtp/"} []
[2015-06-26 23:09:15] myapp.INFO: > GET /mtp/ [] []
[2015-06-26 23:09:15] myapp.INFO: < 200 [] []
[2015-06-26 23:09:19] myapp.INFO: Matched route "GET_". {"route_parameters":{"_controller":"MTP\\Controllers\\HomeController::get","_route":"GET_"},"request_uri":"http://localhost:9080/mtp/"} []
[2015-06-26 23:09:19] myapp.INFO: > GET /mtp/ [] []
[2015-06-26 23:09:19] myapp.INFO: < 200 [] []
[2015-06-26 23:10:48] myapp.INFO: Matched route "GET_". {"route_parameters":{"_controller":"MTP\\Controllers\\HomeController::get","_route":"GET_"},"request_uri":"http://localhost:9080/mtp/"} []
[2015-06-26 23:10:48] myapp.INFO: > GET /mtp/ [] []
[2015-06-26 23:10:49] myapp.INFO: < 200 [] []
[2015-06-26 23:10:49] myapp.INFO: Matched route "GET_transactions". {"route_parameters":{"_controller":"MTP\\Controllers\\TransactionController::get","_route":"GET_transactions"},"request_uri":"http://localhost:9080/mtp/transactions"} []
[2015-06-26 23:10:49] myapp.INFO: > GET /mtp/transactions [] []
[2015-06-26 23:10:49] myapp.INFO: < 200 [] []
[2015-06-26 23:10:53] myapp.INFO: Matched route "GET_". {"route_parameters":{"_controller":"MTP\\Controllers\\HomeController::get","_route":"GET_"},"request_uri":"http://localhost:9080/mtp/"} []
[2015-06-26 23:10:53] myapp.INFO: > GET /mtp/ [] []
[2015-06-26 23:10:53] myapp.INFO: < 200 [] []
[2015-06-26 23:10:54] myapp.INFO: Matched route "GET_transactions". {"route_parameters":{"_controller":"MTP\\Controllers\\TransactionController::get","_route":"GET_transactions"},"request_uri":"http://localhost:9080/mtp/transactions"} []
[2015-06-26 23:10:54] myapp.INFO: > GET /mtp/transactions [] []
[2015-06-26 23:10:54] myapp.INFO: < 200 [] []
[2015-06-26 23:17:43] myapp.INFO: Matched route "GET_". {"route_parameters":{"_controller":"MTP\\Controllers\\HomeController::get","_route":"GET_"},"request_uri":"http://localhost:9080/mtp/"} []
[2015-06-26 23:17:43] myapp.INFO: > GET /mtp/ [] []
[2015-06-26 23:17:43] myapp.INFO: < 200 [] []
[2015-06-26 23:39:54] myapp.INFO: Matched route "GET_transactions". {"route_parameters":{"_controller":"MTP\\Controllers\\TransactionController::get","_route":"GET_transactions"},"request_uri":"http://localhost:9080/mtp/transactions"} []
[2015-06-26 23:39:54] myapp.INFO: > GET /mtp/transactions [] []
[2015-06-26 23:39:54] myapp.INFO: < 200 [] []
[2015-06-26 23:40:16] myapp.INFO: Matched route "POST_transactions". {"route_parameters":{"_controller":"MTP\\Controllers\\TransactionController::post","_route":"POST_transactions"},"request_uri":"http://localhost:9080/mtp/transactions"} []
[2015-06-26 23:40:16] myapp.INFO: > POST /mtp/transactions [] []
[2015-06-26 23:40:16] myapp.INFO: < 200 [] []
[2015-06-26 23:40:16] myapp.DEBUG: Processing message {"userId": "3", "currencyFrom": "EUR", "currencyTo": "GBP", "amountSell": 1000, "amountBuy": 747.10, "rate": 0.7471, "timePlaced" : "24-JAN-15 10:27:44", "originatingCountry" : "FR"} [] []
[2015-06-26 23:40:19] myapp.INFO: Matched route "GET_transactions". {"route_parameters":{"_controller":"MTP\\Controllers\\TransactionController::get","_route":"GET_transactions"},"request_uri":"http://localhost:9080/mtp/transactions"} []
[2015-06-26 23:40:19] myapp.INFO: > GET /mtp/transactions [] []
[2015-06-26 23:40:19] myapp.INFO: < 200 [] []
[2015-06-26 23:40:39] myapp.INFO: Matched route "POST_transactions". {"route_parameters":{"_controller":"MTP\\Controllers\\TransactionController::post","_route":"POST_transactions"},"request_uri":"http://localhost:9080/mtp/transactions"} []
[2015-06-26 23:40:39] myapp.INFO: > POST /mtp/transactions [] []
[2015-06-26 23:40:39] myapp.INFO: < 200 [] []
[2015-06-26 23:40:39] myapp.DEBUG: Processing message {"userId": "3", "currencyFrom": "EUR", "currencyTo": "GBP", "amountSell": 1000, "amountBuy": 747.10, "rate": 0.7471, "timePlaced" : "24-JAN-15 10:27:44", "originatingCountry" : "FR"} [] []
[2015-06-26 23:40:44] myapp.INFO: Matched route "GET_transactions". {"route_parameters":{"_controller":"MTP\\Controllers\\TransactionController::get","_route":"GET_transactions"},"request_uri":"http://localhost:9080/mtp/transactions"} []
[2015-06-26 23:40:44] myapp.INFO: > GET /mtp/transactions [] []
[2015-06-26 23:40:44] myapp.INFO: < 200 [] []
[2015-06-26 23:41:03] myapp.INFO: Matched route "GET_transactions". {"route_parameters":{"_controller":"MTP\\Controllers\\TransactionController::get","_route":"GET_transactions"},"request_uri":"http://localhost:9080/mtp/transactions"} []
[2015-06-26 23:41:03] myapp.INFO: > GET /mtp/transactions [] []
[2015-06-26 23:41:03] myapp.INFO: < 200 [] []
[2015-06-26 23:49:00] myapp.INFO: Matched route "GET_". {"route_parameters":{"_controller":"MTP\\Controllers\\HomeController::get","_route":"GET_"},"request_uri":"http://localhost:9080/mtp/"} []
[2015-06-26 23:49:00] myapp.INFO: > GET /mtp/ [] []
[2015-06-26 23:49:00] myapp.INFO: < 200 [] []
[2015-06-26 23:49:06] myapp.INFO: Matched route "GET_transactions". {"route_parameters":{"_controller":"MTP\\Controllers\\TransactionController::get","_route":"GET_transactions"},"request_uri":"http://localhost:9080/mtp/transactions"} []
[2015-06-26 23:49:06] myapp.INFO: > GET /mtp/transactions [] []
[2015-06-26 23:49:07] myapp.INFO: < 200 [] []
[2015-06-26 23:49:18] myapp.INFO: Matched route "GET_". {"route_parameters":{"_controller":"MTP\\Controllers\\HomeController::get","_route":"GET_"},"request_uri":"http://localhost:9080/mtp/"} []
[2015-06-26 23:49:18] myapp.INFO: > GET /mtp/ [] []
[2015-06-26 23:49:19] myapp.INFO: < 200 [] []
[2015-06-26 23:49:19] myapp.INFO: Matched route "GET_transactions". {"route_parameters":{"_controller":"MTP\\Controllers\\TransactionController::get","_route":"GET_transactions"},"request_uri":"http://localhost:9080/mtp/transactions"} []
[2015-06-26 23:49:19] myapp.INFO: > GET /mtp/transactions [] []
[2015-06-26 23:49:19] myapp.INFO: < 200 [] []
[2015-06-27 00:41:23] myapp.INFO: Matched route "GET_". {"route_parameters":{"_controller":"MTP\\Controllers\\HomeController::get","_route":"GET_"},"request_uri":"http://localhost:9080/mtp/"} []
[2015-06-27 00:41:23] myapp.INFO: > GET /mtp/ [] []
[2015-06-27 00:41:24] myapp.INFO: < 200 [] []
[2015-06-27 00:41:25] myapp.INFO: Matched route "GET_transactions". {"route_parameters":{"_controller":"MTP\\Controllers\\TransactionController::get","_route":"GET_transactions"},"request_uri":"http://localhost:9080/mtp/transactions"} []
[2015-06-27 00:41:25] myapp.INFO: > GET /mtp/transactions [] []
[2015-06-27 00:41:25] myapp.INFO: < 200 [] []
[2015-06-27 00:42:05] myapp.INFO: Matched route "GET_". {"route_parameters":{"_controller":"MTP\\Controllers\\HomeController::get","_route":"GET_"},"request_uri":"http://localhost:9080/mtp/"} []
[2015-06-27 00:42:05] myapp.INFO: > GET /mtp/ [] []
[2015-06-27 00:42:05] myapp.INFO: < 200 [] []
[2015-06-27 00:42:16] myapp.INFO: Matched route "GET_transactions". {"route_parameters":{"_controller":"MTP\\Controllers\\TransactionController::get","_route":"GET_transactions"},"request_uri":"http://localhost:9080/mtp/transactions"} []
[2015-06-27 00:42:16] myapp.INFO: > GET /mtp/transactions [] []
[2015-06-27 00:42:16] myapp.INFO: < 200 [] []
[2015-06-27 00:42:44] myapp.INFO: Matched route "GET_". {"route_parameters":{"_controller":"MTP\\Controllers\\HomeController::get","_route":"GET_"},"request_uri":"http://localhost:9080/mtp/"} []
[2015-06-27 00:42:44] myapp.INFO: > GET /mtp/ [] []
[2015-06-27 00:42:44] myapp.INFO: < 200 [] []
[2015-06-27 00:42:45] myapp.INFO: Matched route "GET_transactions". {"route_parameters":{"_controller":"MTP\\Controllers\\TransactionController::get","_route":"GET_transactions"},"request_uri":"http://localhost:9080/mtp/transactions"} []
[2015-06-27 00:42:45] myapp.INFO: > GET /mtp/transactions [] []
[2015-06-27 00:42:45] myapp.INFO: < 200 [] []
[2015-06-27 00:42:59] myapp.INFO: Matched route "GET_". {"route_parameters":{"_controller":"MTP\\Controllers\\HomeController::get","_route":"GET_"},"request_uri":"http://localhost:9080/mtp/"} []
[2015-06-27 00:42:59] myapp.INFO: > GET /mtp/ [] []
[2015-06-27 00:43:00] myapp.INFO: < 200 [] []
[2015-06-27 00:43:00] myapp.INFO: Matched route "GET_transactions". {"route_parameters":{"_controller":"MTP\\Controllers\\TransactionController::get","_route":"GET_transactions"},"request_uri":"http://localhost:9080/mtp/transactions"} []
[2015-06-27 00:43:00] myapp.INFO: > GET /mtp/transactions [] []
[2015-06-27 00:43:00] myapp.INFO: < 200 [] []
[2015-06-27 00:46:01] myapp.INFO: Matched route "GET_". {"route_parameters":{"_controller":"MTP\\Controllers\\HomeController::get","_route":"GET_"},"request_uri":"http://localhost:9080/mtp/"} []
[2015-06-27 00:46:01] myapp.INFO: > GET /mtp/ [] []
[2015-06-27 00:46:01] myapp.INFO: < 200 [] []
[2015-06-27 00:46:02] myapp.INFO: Matched route "GET_transactions". {"route_parameters":{"_controller":"MTP\\Controllers\\TransactionController::get","_route":"GET_transactions"},"request_uri":"http://localhost:9080/mtp/transactions"} []
[2015-06-27 00:46:02] myapp.INFO: > GET /mtp/transactions [] []
[2015-06-27 00:46:02] myapp.INFO: < 200 [] []
[2015-06-27 00:47:27] myapp.INFO: Matched route "GET_". {"route_parameters":{"_controller":"MTP\\Controllers\\HomeController::get","_route":"GET_"},"request_uri":"http://localhost:9080/mtp/"} []
[2015-06-27 00:47:27] myapp.INFO: > GET /mtp/ [] []
[2015-06-27 00:47:28] myapp.INFO: < 200 [] []
[2015-06-27 00:47:28] myapp.INFO: Matched route "GET_transactions". {"route_parameters":{"_controller":"MTP\\Controllers\\TransactionController::get","_route":"GET_transactions"},"request_uri":"http://localhost:9080/mtp/transactions"} []
[2015-06-27 00:47:28] myapp.INFO: > GET /mtp/transactions [] []
[2015-06-27 00:47:28] myapp.INFO: < 200 [] []
[2015-06-27 00:48:00] myapp.INFO: Matched route "GET_". {"route_parameters":{"_controller":"MTP\\Controllers\\HomeController::get","_route":"GET_"},"request_uri":"http://localhost:9080/mtp/"} []
[2015-06-27 00:48:00] myapp.INFO: > GET /mtp/ [] []
[2015-06-27 00:48:01] myapp.INFO: < 200 [] []
[2015-06-27 00:48:01] myapp.INFO: Matched route "GET_transactions". {"route_parameters":{"_controller":"MTP\\Controllers\\TransactionController::get","_route":"GET_transactions"},"request_uri":"http://localhost:9080/mtp/transactions"} []
[2015-06-27 00:48:01] myapp.INFO: > GET /mtp/transactions [] []
[2015-06-27 00:48:01] myapp.INFO: < 200 [] []
[2015-06-27 00:54:27] myapp.INFO: Matched route "GET_". {"route_parameters":{"_controller":"MTP\\Controllers\\HomeController::get","_route":"GET_"},"request_uri":"http://localhost:9080/mtp/"} []
[2015-06-27 00:54:27] myapp.INFO: > GET /mtp/ [] []
[2015-06-27 00:54:27] myapp.INFO: < 200 [] []
[2015-06-27 00:54:28] myapp.INFO: Matched route "GET_transactions". {"route_parameters":{"_controller":"MTP\\Controllers\\TransactionController::get","_route":"GET_transactions"},"request_uri":"http://localhost:9080/mtp/transactions"} []
[2015-06-27 00:54:28] myapp.INFO: > GET /mtp/transactions [] []
[2015-06-27 00:54:28] myapp.INFO: < 200 [] []
[2015-06-27 00:58:29] myapp.INFO: Matched route "GET_". {"route_parameters":{"_controller":"MTP\\Controllers\\HomeController::get","_route":"GET_"},"request_uri":"http://localhost:9080/mtp/"} []
[2015-06-27 00:58:29] myapp.INFO: > GET /mtp/ [] []
[2015-06-27 00:58:29] myapp.INFO: < 200 [] []
[2015-06-27 00:58:30] myapp.INFO: Matched route "GET_transactions". {"route_parameters":{"_controller":"MTP\\Controllers\\TransactionController::get","_route":"GET_transactions"},"request_uri":"http://localhost:9080/mtp/transactions"} []
[2015-06-27 00:58:30] myapp.INFO: > GET /mtp/transactions [] []
[2015-06-27 00:58:30] myapp.INFO: < 200 [] []
[2015-06-27 00:58:35] myapp.INFO: Matched route "GET_". {"route_parameters":{"_controller":"MTP\\Controllers\\HomeController::get","_route":"GET_"},"request_uri":"http://localhost:9080/mtp/"} []
[2015-06-27 00:58:35] myapp.INFO: > GET /mtp/ [] []
[2015-06-27 00:58:35] myapp.INFO: < 200 [] []
[2015-06-27 00:58:36] myapp.INFO: Matched route "GET_transactions". {"route_parameters":{"_controller":"MTP\\Controllers\\TransactionController::get","_route":"GET_transactions"},"request_uri":"http://localhost:9080/mtp/transactions"} []
[2015-06-27 00:58:36] myapp.INFO: > GET /mtp/transactions [] []
[2015-06-27 00:58:36] myapp.INFO: < 200 [] []
[2015-06-27 00:59:08] myapp.INFO: Matched route "GET_". {"route_parameters":{"_controller":"MTP\\Controllers\\HomeController::get","_route":"GET_"},"request_uri":"http://localhost:9080/mtp/"} []
[2015-06-27 00:59:08] myapp.INFO: > GET /mtp/ [] []
[2015-06-27 00:59:08] myapp.INFO: < 200 [] []
[2015-06-27 00:59:09] myapp.INFO: Matched route "GET_transactions". {"route_parameters":{"_controller":"MTP\\Controllers\\TransactionController::get","_route":"GET_transactions"},"request_uri":"http://localhost:9080/mtp/transactions"} []
[2015-06-27 00:59:09] myapp.INFO: > GET /mtp/transactions [] []
[2015-06-27 00:59:09] myapp.INFO: < 200 [] []
[2015-06-27 00:59:43] myapp.INFO: Matched route "GET_". {"route_parameters":{"_controller":"MTP\\Controllers\\HomeController::get","_route":"GET_"},"request_uri":"http://localhost:9080/mtp/"} []
[2015-06-27 00:59:43] myapp.INFO: > GET /mtp/ [] []
[2015-06-27 00:59:43] myapp.INFO: < 200 [] []
[2015-06-27 00:59:43] myapp.INFO: Matched route "GET_transactions". {"route_parameters":{"_controller":"MTP\\Controllers\\TransactionController::get","_route":"GET_transactions"},"request_uri":"http://localhost:9080/mtp/transactions"} []
[2015-06-27 00:59:43] myapp.INFO: > GET /mtp/transactions [] []
[2015-06-27 00:59:43] myapp.INFO: < 200 [] []
[2015-06-27 01:00:16] myapp.INFO: Matched route "GET_". {"route_parameters":{"_controller":"MTP\\Controllers\\HomeController::get","_route":"GET_"},"request_uri":"http://localhost:9080/mtp/"} []
[2015-06-27 01:00:16] myapp.INFO: > GET /mtp/ [] []
[2015-06-27 01:00:16] myapp.INFO: < 200 [] []
[2015-06-27 01:00:17] myapp.INFO: Matched route "GET_transactions". {"route_parameters":{"_controller":"MTP\\Controllers\\TransactionController::get","_route":"GET_transactions"},"request_uri":"http://localhost:9080/mtp/transactions"} []
[2015-06-27 01:00:17] myapp.INFO: > GET /mtp/transactions [] []
[2015-06-27 01:00:17] myapp.INFO: < 200 [] []
[2015-06-27 01:01:16] myapp.INFO: Matched route "GET_". {"route_parameters":{"_controller":"MTP\\Controllers\\HomeController::get","_route":"GET_"},"request_uri":"http://localhost:9080/mtp/"} []
[2015-06-27 01:01:16] myapp.INFO: > GET /mtp/ [] []
[2015-06-27 01:01:16] myapp.INFO: < 200 [] []
[2015-06-27 01:01:17] myapp.INFO: Matched route "GET_transactions". {"route_parameters":{"_controller":"MTP\\Controllers\\TransactionController::get","_route":"GET_transactions"},"request_uri":"http://localhost:9080/mtp/transactions"} []
[2015-06-27 01:01:17] myapp.INFO: > GET /mtp/transactions [] []
[2015-06-27 01:01:17] myapp.INFO: < 200 [] []
[2015-06-27 01:02:02] myapp.INFO: Matched route "GET_". {"route_parameters":{"_controller":"MTP\\Controllers\\HomeController::get","_route":"GET_"},"request_uri":"http://localhost:9080/mtp/"} []
[2015-06-27 01:02:02] myapp.INFO: > GET /mtp/ [] []
[2015-06-27 01:02:02] myapp.INFO: < 200 [] []
[2015-06-27 01:02:02] myapp.INFO: Matched route "GET_transactions". {"route_parameters":{"_controller":"MTP\\Controllers\\TransactionController::get","_route":"GET_transactions"},"request_uri":"http://localhost:9080/mtp/transactions"} []
[2015-06-27 01:02:02] myapp.INFO: > GET /mtp/transactions [] []
[2015-06-27 01:02:02] myapp.INFO: < 200 [] []
[2015-06-27 01:02:23] myapp.INFO: Matched route "GET_". {"route_parameters":{"_controller":"MTP\\Controllers\\HomeController::get","_route":"GET_"},"request_uri":"http://localhost:9080/mtp/"} []
[2015-06-27 01:02:23] myapp.INFO: > GET /mtp/ [] []
[2015-06-27 01:02:23] myapp.INFO: < 200 [] []
[2015-06-27 01:02:24] myapp.INFO: Matched route "GET_transactions". {"route_parameters":{"_controller":"MTP\\Controllers\\TransactionController::get","_route":"GET_transactions"},"request_uri":"http://localhost:9080/mtp/transactions"} []
[2015-06-27 01:02:24] myapp.INFO: > GET /mtp/transactions [] []
[2015-06-27 01:02:24] myapp.INFO: < 200 [] []
[2015-06-27 01:04:20] myapp.INFO: Matched route "GET_". {"route_parameters":{"_controller":"MTP\\Controllers\\HomeController::get","_route":"GET_"},"request_uri":"http://localhost:9080/mtp/"} []
[2015-06-27 01:04:20] myapp.INFO: > GET /mtp/ [] []
[2015-06-27 01:04:21] myapp.INFO: < 200 [] []
[2015-06-27 01:04:40] myapp.INFO: Matched route "GET_". {"route_parameters":{"_controller":"MTP\\Controllers\\HomeController::get","_route":"GET_"},"request_uri":"http://localhost:9080/mtp/"} []
[2015-06-27 01:04:40] myapp.INFO: > GET /mtp/ [] []
[2015-06-27 01:04:40] myapp.INFO: < 200 [] []
[2015-06-27 01:04:41] myapp.INFO: Matched route "GET_transactions". {"route_parameters":{"_controller":"MTP\\Controllers\\TransactionController::get","_route":"GET_transactions"},"request_uri":"http://localhost:9080/mtp/transactions"} []
[2015-06-27 01:04:41] myapp.INFO: > GET /mtp/transactions [] []
[2015-06-27 01:04:41] myapp.INFO: < 200 [] []
[2015-06-27 01:05:46] myapp.INFO: Matched route "GET_". {"route_parameters":{"_controller":"MTP\\Controllers\\HomeController::get","_route":"GET_"},"request_uri":"http://localhost:9080/mtp/"} []
[2015-06-27 01:05:46] myapp.INFO: > GET /mtp/ [] []
[2015-06-27 01:05:46] myapp.INFO: < 200 [] []
[2015-06-27 01:05:46] myapp.INFO: Matched route "GET_transactions". {"route_parameters":{"_controller":"MTP\\Controllers\\TransactionController::get","_route":"GET_transactions"},"request_uri":"http://localhost:9080/mtp/transactions"} []
[2015-06-27 01:05:46] myapp.INFO: > GET /mtp/transactions [] []
[2015-06-27 01:05:46] myapp.INFO: < 200 [] []
[2015-06-27 01:07:07] myapp.INFO: Matched route "POST_transactions". {"route_parameters":{"_controller":"MTP\\Controllers\\TransactionController::post","_route":"POST_transactions"},"request_uri":"http://localhost:9080/mtp/transactions"} []
[2015-06-27 01:07:07] myapp.INFO: > POST /mtp/transactions [] []
[2015-06-27 01:07:07] myapp.INFO: < 200 [] []
[2015-06-27 01:07:07] myapp.DEBUG: Processing message {"userId": "3", "currencyFrom": "EUR", "currencyTo": "GBP", "amountSell": 1000, "amountBuy": 222.10, "rate": 0.7471, "timePlaced" : "25-JAN-15 10:27:44", "originatingCountry" : "FR"} [] []
[2015-06-27 01:07:18] myapp.INFO: Matched route "POST_transactions". {"route_parameters":{"_controller":"MTP\\Controllers\\TransactionController::post","_route":"POST_transactions"},"request_uri":"http://localhost:9080/mtp/transactions"} []
[2015-06-27 01:07:18] myapp.INFO: > POST /mtp/transactions [] []
[2015-06-27 01:07:18] myapp.INFO: < 200 [] []
[2015-06-27 01:07:18] myapp.DEBUG: Processing message {"userId": "3", "currencyFrom": "EUR", "currencyTo": "GBKKK "amountSell": 1000, "amountBuy": 222.10, "rate": 0.7471, "timePlaced" : "25-JAN-15 10:27:44", "originatingCountry" : "FR"} [] []
[2015-06-27 01:07:18] myapp.WARNING: Transaction is not a valid json. [] []
[2015-06-27 01:07:20] myapp.INFO: Matched route "GET_". {"route_parameters":{"_controller":"MTP\\Controllers\\HomeController::get","_route":"GET_"},"request_uri":"http://localhost:9080/mtp/"} []
[2015-06-27 01:07:20] myapp.INFO: > GET /mtp/ [] []
[2015-06-27 01:07:20] myapp.INFO: < 200 [] []
[2015-06-27 01:07:21] myapp.INFO: Matched route "GET_transactions". {"route_parameters":{"_controller":"MTP\\Controllers\\TransactionController::get","_route":"GET_transactions"},"request_uri":"http://localhost:9080/mtp/transactions"} []
[2015-06-27 01:07:21] myapp.INFO: > GET /mtp/transactions [] []
[2015-06-27 01:07:21] myapp.INFO: < 200 [] []
[2015-06-27 01:07:50] myapp.INFO: Matched route "POST_transactions". {"route_parameters":{"_controller":"MTP\\Controllers\\TransactionController::post","_route":"POST_transactions"},"request_uri":"http://localhost:9080/mtp/transactions"} []
[2015-06-27 01:07:50] myapp.INFO: > POST /mtp/transactions [] []
[2015-06-27 01:07:50] myapp.INFO: < 200 [] []
[2015-06-27 01:07:50] myapp.DEBUG: Processing message {"userId": "3", "currencyFrom": "EUR", "currencyTo": "GBKKK "amountSell": 1000, "amountBuy": 2222.10, "rate": 0.7471, "timePlaced" : "23-JAN-15 10:27:44", "originatingCountry" : "FR"} [] []
[2015-06-27 01:07:50] myapp.WARNING: Transaction is not a valid json. [] []
[2015-06-27 01:07:52] myapp.INFO: Matched route "GET_". {"route_parameters":{"_controller":"MTP\\Controllers\\HomeController::get","_route":"GET_"},"request_uri":"http://localhost:9080/mtp/"} []
[2015-06-27 01:07:52] myapp.INFO: > GET /mtp/ [] []
[2015-06-27 01:07:52] myapp.INFO: < 200 [] []
[2015-06-27 01:07:52] myapp.INFO: Matched route "GET_transactions". {"route_parameters":{"_controller":"MTP\\Controllers\\TransactionController::get","_route":"GET_transactions"},"request_uri":"http://localhost:9080/mtp/transactions"} []
[2015-06-27 01:07:52] myapp.INFO: > GET /mtp/transactions [] []
[2015-06-27 01:07:53] myapp.INFO: < 200 [] []
[2015-06-27 01:08:28] myapp.INFO: Matched route "POST_transactions". {"route_parameters":{"_controller":"MTP\\Controllers\\TransactionController::post","_route":"POST_transactions"},"request_uri":"http://localhost:9080/mtp/transactions"} []
[2015-06-27 01:08:28] myapp.INFO: > POST /mtp/transactions [] []
[2015-06-27 01:08:29] myapp.INFO: < 200 [] []
[2015-06-27 01:08:29] myapp.DEBUG: Processing message {"userId": "3", "currencyFrom": "EUR", "currencyTo": "KKK", "amountSell": 1000, "amountBuy": 2222.10, "rate": 0.7471, "timePlaced" : "23-JAN-15 10:27:44", "originatingCountry" : "FR"} [] []
[2015-06-27 01:08:30] myapp.INFO: Matched route "GET_". {"route_parameters":{"_controller":"MTP\\Controllers\\HomeController::get","_route":"GET_"},"request_uri":"http://localhost:9080/mtp/"} []
[2015-06-27 01:08:30] myapp.INFO: > GET /mtp/ [] []
[2015-06-27 01:08:30] myapp.INFO: < 200 [] []
[2015-06-27 01:08:31] myapp.INFO: Matched route "GET_transactions". {"route_parameters":{"_controller":"MTP\\Controllers\\TransactionController::get","_route":"GET_transactions"},"request_uri":"http://localhost:9080/mtp/transactions"} []
[2015-06-27 01:08:31] myapp.INFO: > GET /mtp/transactions [] []
[2015-06-27 01:08:31] myapp.INFO: < 200 [] []
[2015-06-27 01:08:50] myapp.INFO: Matched route "POST_transactions". {"route_parameters":{"_controller":"MTP\\Controllers\\TransactionController::post","_route":"POST_transactions"},"request_uri":"http://localhost:9080/mtp/transactions"} []
[2015-06-27 01:08:50] myapp.INFO: > POST /mtp/transactions [] []
[2015-06-27 01:08:51] myapp.INFO: < 200 [] []
[2015-06-27 01:08:51] myapp.DEBUG: Processing message {"userId": "3", "currencyFrom": "EUR", "currencyTo": "KKK", "amountSell": 1000, "amountBuy": 222.10, "rate": 0.7471, "timePlaced" : "24-JAN-15 10:27:44", "originatingCountry" : "FR"} [] []
[2015-06-27 01:08:52] myapp.INFO: Matched route "GET_". {"route_parameters":{"_controller":"MTP\\Controllers\\HomeController::get","_route":"GET_"},"request_uri":"http://localhost:9080/mtp/"} []
[2015-06-27 01:08:52] myapp.INFO: > GET /mtp/ [] []
[2015-06-27 01:08:52] myapp.INFO: < 200 [] []
[2015-06-27 01:08:53] myapp.INFO: Matched route "GET_transactions". {"route_parameters":{"_controller":"MTP\\Controllers\\TransactionController::get","_route":"GET_transactions"},"request_uri":"http://localhost:9080/mtp/transactions"} []
[2015-06-27 01:08:53] myapp.INFO: > GET /mtp/transactions [] []
[2015-06-27 01:08:53] myapp.INFO: < 200 [] []
[2015-06-27 11:09:21] myapp.INFO: Matched route "POST_transactions". {"route_parameters":{"_controller":"MTP\\Controllers\\TransactionController::post","_route":"POST_transactions"},"request_uri":"http://localhost:9080/mtp/transactions"} []
[2015-06-27 11:09:21] myapp.INFO: > POST /mtp/transactions [] []
[2015-06-27 11:09:21] myapp.INFO: < 200 [] []
[2015-06-27 11:09:21] myapp.INFO: Matched route "POST_transactions". {"route_parameters":{"_controller":"MTP\\Controllers\\TransactionController::post","_route":"POST_transactions"},"request_uri":"http://localhost:9080/mtp/transactions"} []
[2015-06-27 11:09:21] myapp.INFO: > POST /mtp/transactions [] []
[2015-06-27 11:09:21] myapp.INFO: < 200 [] []
[2015-06-27 11:09:22] myapp.INFO: Matched route "POST_transactions". {"route_parameters":{"_controller":"MTP\\Controllers\\TransactionController::post","_route":"POST_transactions"},"request_uri":"http://localhost:9080/mtp/transactions"} []
[2015-06-27 11:09:22] myapp.INFO: > POST /mtp/transactions [] []
[2015-06-27 11:09:22] myapp.INFO: < 200 [] []
[2015-06-27 11:09:23] myapp.INFO: Matched route "POST_transactions". {"route_parameters":{"_controller":"MTP\\Controllers\\TransactionController::post","_route":"POST_transactions"},"request_uri":"http://localhost:9080/mtp/transactions"} []
[2015-06-27 11:09:23] myapp.INFO: > POST /mtp/transactions [] []
[2015-06-27 11:09:23] myapp.INFO: < 200 [] []
[2015-06-27 11:09:23] myapp.INFO: Matched route "POST_transactions". {"route_parameters":{"_controller":"MTP\\Controllers\\TransactionController::post","_route":"POST_transactions"},"request_uri":"http://localhost:9080/mtp/transactions"} []
[2015-06-27 11:09:23] myapp.INFO: > POST /mtp/transactions [] []
[2015-06-27 11:09:24] myapp.INFO: < 200 [] []
[2015-06-27 11:09:24] myapp.INFO: Matched route "POST_transactions". {"route_parameters":{"_controller":"MTP\\Controllers\\TransactionController::post","_route":"POST_transactions"},"request_uri":"http://localhost:9080/mtp/transactions"} []
[2015-06-27 11:09:24] myapp.INFO: > POST /mtp/transactions [] []
[2015-06-27 11:09:24] myapp.INFO: < 200 [] []
[2015-06-27 11:09:25] myapp.INFO: Matched route "POST_transactions". {"route_parameters":{"_controller":"MTP\\Controllers\\TransactionController::post","_route":"POST_transactions"},"request_uri":"http://localhost:9080/mtp/transactions"} []
[2015-06-27 11:09:25] myapp.INFO: > POST /mtp/transactions [] []
[2015-06-27 11:09:25] myapp.INFO: < 200 [] []
[2015-06-27 11:09:25] myapp.INFO: Matched route "POST_transactions". {"route_parameters":{"_controller":"MTP\\Controllers\\TransactionController::post","_route":"POST_transactions"},"request_uri":"http://localhost:9080/mtp/transactions"} []
[2015-06-27 11:09:25] myapp.INFO: > POST /mtp/transactions [] []
[2015-06-27 11:09:25] myapp.INFO: < 200 [] []
[2015-06-27 11:09:26] myapp.INFO: Matched route "POST_transactions". {"route_parameters":{"_controller":"MTP\\Controllers\\TransactionController::post","_route":"POST_transactions"},"request_uri":"http://localhost:9080/mtp/transactions"} []
[2015-06-27 11:09:26] myapp.INFO: > POST /mtp/transactions [] []
[2015-06-27 11:09:26] myapp.INFO: < 200 [] []
[2015-06-27 11:09:26] myapp.INFO: Matched route "POST_transactions". {"route_parameters":{"_controller":"MTP\\Controllers\\TransactionController::post","_route":"POST_transactions"},"request_uri":"http://localhost:9080/mtp/transactions"} []
[2015-06-27 11:09:26] myapp.INFO: > POST /mtp/transactions [] []
[2015-06-27 11:09:26] myapp.INFO: < 200 [] []
[2015-06-27 11:09:46] myapp.DEBUG: Processing message {"userId": "3", "currencyFrom": "EUR", "currencyTo": "KKK", "amountSell": 1000, "amountBuy": 222.10, "rate": 0.7471, "timePlaced" : "24-JAN-15 10:27:44", "originatingCountry" : "FR"} [] []
[2015-06-27 11:09:46] myapp.DEBUG: Processing message {"userId": "3", "currencyFrom": "EUR", "currencyTo": "KKK", "amountSell": 1000, "amountBuy": 222.10, "rate": 0.7471, "timePlaced" : "24-JAN-15 10:27:44", "originatingCountry" : "FR"} [] []
[2015-06-27 11:09:46] myapp.DEBUG: Processing message {"userId": "3", "currencyFrom": "EUR", "currencyTo": "KKK", "amountSell": 1000, "amountBuy": 222.10, "rate": 0.7471, "timePlaced" : "24-JAN-15 10:27:44", "originatingCountry" : "FR"} [] []
[2015-06-27 11:09:46] myapp.DEBUG: Processing message {"userId": "3", "currencyFrom": "EUR", "currencyTo": "KKK", "amountSell": 1000, "amountBuy": 222.10, "rate": 0.7471, "timePlaced" : "24-JAN-15 10:27:44", "originatingCountry" : "FR"} [] []
[2015-06-27 11:09:46] myapp.DEBUG: Processing message {"userId": "3", "currencyFrom": "EUR", "currencyTo": "KKK", "amountSell": 1000, "amountBuy": 222.10, "rate": 0.7471, "timePlaced" : "24-JAN-15 10:27:44", "originatingCountry" : "FR"} [] []
[2015-06-27 11:09:46] myapp.DEBUG: Processing message {"userId": "3", "currencyFrom": "EUR", "currencyTo": "KKK", "amountSell": 1000, "amountBuy": 222.10, "rate": 0.7471, "timePlaced" : "24-JAN-15 10:27:44", "originatingCountry" : "FR"} [] []
[2015-06-27 11:09:46] myapp.DEBUG: Processing message {"userId": "3", "currencyFrom": "EUR", "currencyTo": "KKK", "amountSell": 1000, "amountBuy": 222.10, "rate": 0.7471, "timePlaced" : "24-JAN-15 10:27:44", "originatingCountry" : "FR"} [] []
[2015-06-27 11:09:46] myapp.DEBUG: Processing message {"userId": "3", "currencyFrom": "EUR", "currencyTo": "KKK", "amountSell": 1000, "amountBuy": 222.10, "rate": 0.7471, "timePlaced" : "24-JAN-15 10:27:44", "originatingCountry" : "FR"} [] []
[2015-06-27 11:09:46] myapp.DEBUG: Processing message {"userId": "3", "currencyFrom": "EUR", "currencyTo": "KKK", "amountSell": 1000, "amountBuy": 222.10, "rate": 0.7471, "timePlaced" : "24-JAN-15 10:27:44", "originatingCountry" : "FR"} [] []
[2015-06-27 11:09:47] myapp.DEBUG: Processing message {"userId": "3", "currencyFrom": "EUR", "currencyTo": "KKK", "amountSell": 1000, "amountBuy": 222.10, "rate": 0.7471, "timePlaced" : "24-JAN-15 10:27:44", "originatingCountry" : "FR"} [] []
[2015-06-27 11:10:16] myapp.INFO: Matched route "POST_transactions". {"route_parameters":{"_controller":"MTP\\Controllers\\TransactionController::post","_route":"POST_transactions"},"request_uri":"http://localhost:9080/mtp/transactions"} []
[2015-06-27 11:10:16] myapp.INFO: > POST /mtp/transactions [] []
[2015-06-27 11:10:16] myapp.INFO: < 200 [] []
[2015-06-27 11:10:16] myapp.DEBUG: Processing message {"userId": "3", "currencyFrom": "EUR", "currencyTo": "KKK", "amountSell": 1000, "amountBuy": 222.10, "rate": 0.7471, "timePlaced" : "24-JAN-15 10:27:44", "originatingCountry" : "FR"} [] []
[2015-06-27 11:10:24] myapp.INFO: Matched route "POST_transactions". {"route_parameters":{"_controller":"MTP\\Controllers\\TransactionController::post","_route":"POST_transactions"},"request_uri":"http://localhost:9080/mtp/transactions"} []
[2015-06-27 11:10:24] myapp.INFO: > POST /mtp/transactions [] []
[2015-06-27 11:10:24] myapp.INFO: < 200 [] []
[2015-06-27 11:10:24] myapp.DEBUG: Processing message {"userId": "3", "currencyFrom": "EUR", "currencyTo": "KKK", "amountSell": 1000, "amountBuy": 222.10, "rate": 0.7471, "timePlaced" : "24-JAN-15 10:27:44", "originatingCountry" : "FR"} [] []
[2015-06-27 11:10:24] myapp.INFO: Matched route "POST_transactions". {"route_parameters":{"_controller":"MTP\\Controllers\\TransactionController::post","_route":"POST_transactions"},"request_uri":"http://localhost:9080/mtp/transactions"} []
[2015-06-27 11:10:24] myapp.INFO: > POST /mtp/transactions [] []
[2015-06-27 11:10:24] myapp.INFO: < 200 [] []
[2015-06-27 11:10:24] myapp.DEBUG: Processing message {"userId": "3", "currencyFrom": "EUR", "currencyTo": "KKK", "amountSell": 1000, "amountBuy": 222.10, "rate": 0.7471, "timePlaced" : "24-JAN-15 10:27:44", "originatingCountry" : "FR"} [] []
[2015-06-27 11:10:25] myapp.INFO: Matched route "POST_transactions". {"route_parameters":{"_controller":"MTP\\Controllers\\TransactionController::post","_route":"POST_transactions"},"request_uri":"http://localhost:9080/mtp/transactions"} []
[2015-06-27 11:10:25] myapp.INFO: > POST /mtp/transactions [] []
[2015-06-27 11:10:25] myapp.INFO: < 200 [] []
[2015-06-27 11:10:25] myapp.DEBUG: Processing message {"userId": "3", "currencyFrom": "EUR", "currencyTo": "KKK", "amountSell": 1000, "amountBuy": 222.10, "rate": 0.7471, "timePlaced" : "24-JAN-15 10:27:44", "originatingCountry" : "FR"} [] []
[2015-06-27 11:10:25] myapp.INFO: Matched route "POST_transactions". {"route_parameters":{"_controller":"MTP\\Controllers\\TransactionController::post","_route":"POST_transactions"},"request_uri":"http://localhost:9080/mtp/transactions"} []
[2015-06-27 11:10:25] myapp.INFO: > POST /mtp/transactions [] []
[2015-06-27 11:10:25] myapp.INFO: < 200 [] []
[2015-06-27 11:10:25] myapp.DEBUG: Processing message {"userId": "3", "currencyFrom": "EUR", "currencyTo": "KKK", "amountSell": 1000, "amountBuy": 222.10, "rate": 0.7471, "timePlaced" : "24-JAN-15 10:27:44", "originatingCountry" : "FR"} [] []
[2015-06-27 11:10:26] myapp.INFO: Matched route "POST_transactions". {"route_parameters":{"_controller":"MTP\\Controllers\\TransactionController::post","_route":"POST_transactions"},"request_uri":"http://localhost:9080/mtp/transactions"} []
[2015-06-27 11:10:26] myapp.INFO: > POST /mtp/transactions [] []
[2015-06-27 11:10:26] myapp.INFO: < 200 [] []
[2015-06-27 11:10:26] myapp.DEBUG: Processing message {"userId": "3", "currencyFrom": "EUR", "currencyTo": "KKK", "amountSell": 1000, "amountBuy": 222.10, "rate": 0.7471, "timePlaced" : "24-JAN-15 10:27:44", "originatingCountry" : "FR"} [] []
[2015-06-27 11:10:26] myapp.INFO: Matched route "POST_transactions". {"route_parameters":{"_controller":"MTP\\Controllers\\TransactionController::post","_route":"POST_transactions"},"request_uri":"http://localhost:9080/mtp/transactions"} []
[2015-06-27 11:10:26] myapp.INFO: > POST /mtp/transactions [] []
[2015-06-27 11:10:26] myapp.INFO: < 200 [] []
[2015-06-27 11:10:26] myapp.DEBUG: Processing message {"userId": "3", "currencyFrom": "EUR", "currencyTo": "KKK", "amountSell": 1000, "amountBuy": 222.10, "rate": 0.7471, "timePlaced" : "24-JAN-15 10:27:44", "originatingCountry" : "FR"} [] []
[2015-06-27 11:10:27] myapp.INFO: Matched route "POST_transactions". {"route_parameters":{"_controller":"MTP\\Controllers\\TransactionController::post","_route":"POST_transactions"},"request_uri":"http://localhost:9080/mtp/transactions"} []
[2015-06-27 11:10:27] myapp.INFO: > POST /mtp/transactions [] []
[2015-06-27 11:10:27] myapp.INFO: < 200 [] []
[2015-06-27 11:10:27] myapp.DEBUG: Processing message {"userId": "3", "currencyFrom": "EUR", "currencyTo": "KKK", "amountSell": 1000, "amountBuy": 222.10, "rate": 0.7471, "timePlaced" : "24-JAN-15 10:27:44", "originatingCountry" : "FR"} [] []
[2015-06-27 11:10:27] myapp.INFO: Matched route "POST_transactions". {"route_parameters":{"_controller":"MTP\\Controllers\\TransactionController::post","_route":"POST_transactions"},"request_uri":"http://localhost:9080/mtp/transactions"} []
[2015-06-27 11:10:27] myapp.INFO: > POST /mtp/transactions [] []
[2015-06-27 11:10:27] myapp.INFO: < 200 [] []
[2015-06-27 11:10:27] myapp.DEBUG: Processing message {"userId": "3", "currencyFrom": "EUR", "currencyTo": "KKK", "amountSell": 1000, "amountBuy": 222.10, "rate": 0.7471, "timePlaced" : "24-JAN-15 10:27:44", "originatingCountry" : "FR"} [] []
[2015-06-27 11:10:27] myapp.INFO: Matched route "POST_transactions". {"route_parameters":{"_controller":"MTP\\Controllers\\TransactionController::post","_route":"POST_transactions"},"request_uri":"http://localhost:9080/mtp/transactions"} []
[2015-06-27 11:10:27] myapp.INFO: > POST /mtp/transactions [] []
[2015-06-27 11:10:27] myapp.INFO: < 200 [] []
[2015-06-27 11:10:27] myapp.DEBUG: Processing message {"userId": "3", "currencyFrom": "EUR", "currencyTo": "KKK", "amountSell": 1000, "amountBuy": 222.10, "rate": 0.7471, "timePlaced" : "24-JAN-15 10:27:44", "originatingCountry" : "FR"} [] []
[2015-06-27 11:10:43] myapp.INFO: Matched route "GET_transactions". {"route_parameters":{"_controller":"MTP\\Controllers\\TransactionController::get","_route":"GET_transactions"},"request_uri":"http://localhost:9080/mtp/transactions"} []
[2015-06-27 11:10:43] myapp.INFO: > GET /mtp/transactions [] []
[2015-06-27 11:10:43] myapp.INFO: < 200 [] []
[2015-06-27 11:10:52] myapp.INFO: Matched route "GET_". {"route_parameters":{"_controller":"MTP\\Controllers\\HomeController::get","_route":"GET_"},"request_uri":"http://localhost:9080/mtp/"} []
[2015-06-27 11:10:52] myapp.INFO: > GET /mtp/ [] []
[2015-06-27 11:10:53] myapp.INFO: < 200 [] []
[2015-06-27 11:10:54] myapp.INFO: Matched route "GET_transactions". {"route_parameters":{"_controller":"MTP\\Controllers\\TransactionController::get","_route":"GET_transactions"},"request_uri":"http://localhost:9080/mtp/transactions"} []
[2015-06-27 11:10:54] myapp.INFO: > GET /mtp/transactions [] []
[2015-06-27 11:10:54] myapp.INFO: < 200 [] []
